# JRE version: OpenJDK Runtime Environment (8.0_212-b04) (build 1.8.0_212-release-1586-b04)
# Java VM: OpenJDK 64-Bit Server VM (25.212-b04 mixed mode windows-amd64 compressed oops)
Heap:
 PSYoungGen      total 368640K, used 301911K [0x00000000e0000000, 0x00000000f8f00000, 0x0000000100000000)
  eden space 344064K, 87% used [0x00000000e0000000,0x00000000f26d5ff8,0x00000000f5000000)
  from space 24576K, 0% used [0x00000000f6900000,0x00000000f6900000,0x00000000f8100000)
  to   space 25600K, 0% used [0x00000000f5000000,0x00000000f5000000,0x00000000f6900000)
 ParOldGen       total 128000K, used 30692K [0x00000000a0000000, 0x00000000a7d00000, 0x00000000e0000000)
  object space 128000K, 23% used [0x00000000a0000000,0x00000000a1df9348,0x00000000a7d00000)
 Metaspace       used 71303K, capacity 73954K, committed 74200K, reserved 1116160K
  class space    used 9649K, capacity 10190K, committed 10200K, reserved 1048576K
GC Heap History (10 events):
Event: 7.714 GC heap before
{Heap before GC invocations=7 (full 1):
 PSYoungGen      total 138240K, used 63118K [0x00000000e0000000, 0x00000000f0500000, 0x0000000100000000)
  eden space 133120K, 43% used [0x00000000e0000000,0x00000000e38a3bf0,0x00000000e8200000)
  from space 5120K, 100% used [0x00000000e8200000,0x00000000e8700000,0x00000000e8700000)
  to   space 16896K, 0% used [0x00000000ef480000,0x00000000ef480000,0x00000000f0500000)
 ParOldGen       total 61952K, used 19720K [0x00000000a0000000, 0x00000000a3c80000, 0x00000000e0000000)
  object space 61952K, 31% used [0x00000000a0000000,0x00000000a1342080,0x00000000a3c80000)
 Metaspace       used 34522K, capacity 35378K, committed 35456K, reserved 1079296K
  class space    used 4749K, capacity 4972K, committed 4992K, reserved 1048576K
Event: 7.726 GC heap after
Heap after GC invocations=7 (full 1):
 PSYoungGen      total 246272K, used 9414K [0x00000000e0000000, 0x00000000f0280000, 0x0000000100000000)
  eden space 231936K, 0% used [0x00000000e0000000,0x00000000e0000000,0x00000000ee280000)
  from space 14336K, 65% used [0x00000000ef480000,0x00000000efdb18a0,0x00000000f0280000)
  to   space 16384K, 0% used [0x00000000ee280000,0x00000000ee280000,0x00000000ef280000)
 ParOldGen       total 61952K, used 19728K [0x00000000a0000000, 0x00000000a3c80000, 0x00000000e0000000)
  object space 61952K, 31% used [0x00000000a0000000,0x00000000a1344080,0x00000000a3c80000)
 Metaspace       used 34522K, capacity 35378K, committed 35456K, reserved 1079296K
  class space    used 4749K, capacity 4972K, committed 4992K, reserved 1048576K
}
Event: 7.727 GC heap before
{Heap before GC invocations=8 (full 2):
 PSYoungGen      total 246272K, used 9414K [0x00000000e0000000, 0x00000000f0280000, 0x0000000100000000)
  eden space 231936K, 0% used [0x00000000e0000000,0x00000000e0000000,0x00000000ee280000)
  from space 14336K, 65% used [0x00000000ef480000,0x00000000efdb18a0,0x00000000f0280000)
  to   space 16384K, 0% used [0x00000000ee280000,0x00000000ee280000,0x00000000ef280000)
 ParOldGen       total 61952K, used 19728K [0x00000000a0000000, 0x00000000a3c80000, 0x00000000e0000000)
  object space 61952K, 31% used [0x00000000a0000000,0x00000000a1344080,0x00000000a3c80000)
 Metaspace       used 34522K, capacity 35378K, committed 35456K, reserved 1079296K
  class space    used 4749K, capacity 4972K, committed 4992K, reserved 1048576K
Event: 7.791 GC heap after
Heap after GC invocations=8 (full 2):
 PSYoungGen      total 246272K, used 0K [0x00000000e0000000, 0x00000000f0280000, 0x0000000100000000)
  eden space 231936K, 0% used [0x00000000e0000000,0x00000000e0000000,0x00000000ee280000)
  from space 14336K, 0% used [0x00000000ef480000,0x00000000ef480000,0x00000000f0280000)
  to   space 16384K, 0% used [0x00000000ee280000,0x00000000ee280000,0x00000000ef280000)
 ParOldGen       total 88064K, used 16541K [0x00000000a0000000, 0x00000000a5600000, 0x00000000e0000000)
  object space 88064K, 18% used [0x00000000a0000000,0x00000000a10275e8,0x00000000a5600000)
 Metaspace       used 34488K, capacity 35264K, committed 35456K, reserved 1079296K
  class space    used 4738K, capacity 4953K, committed 4992K, reserved 1048576K
}
Event: 11.306 GC heap before
{Heap before GC invocations=9 (full 2):
 PSYoungGen      total 246272K, used 231936K [0x00000000e0000000, 0x00000000f0280000, 0x0000000100000000)
  eden space 231936K, 100% used [0x00000000e0000000,0x00000000ee280000,0x00000000ee280000)
  from space 14336K, 0% used [0x00000000ef480000,0x00000000ef480000,0x00000000f0280000)
  to   space 16384K, 0% used [0x00000000ee280000,0x00000000ee280000,0x00000000ef280000)
 ParOldGen       total 88064K, used 16541K [0x00000000a0000000, 0x00000000a5600000, 0x00000000e0000000)
  object space 88064K, 18% used [0x00000000a0000000,0x00000000a10275e8,0x00000000a5600000)
 Metaspace       used 55409K, capacity 57086K, committed 57216K, reserved 1097728K
  class space    used 7646K, capacity 8038K, committed 8064K, reserved 1048576K
Event: 11.336 GC heap after
Heap after GC invocations=9 (full 2):
 PSYoungGen      total 248320K, used 16375K [0x00000000e0000000, 0x00000000f8100000, 0x0000000100000000)
  eden space 231936K, 0% used [0x00000000e0000000,0x00000000e0000000,0x00000000ee280000)
  from space 16384K, 99% used [0x00000000ee280000,0x00000000ef27de48,0x00000000ef280000)
  to   space 24576K, 0% used [0x00000000f6900000,0x00000000f6900000,0x00000000f8100000)
 ParOldGen       total 88064K, used 27729K [0x00000000a0000000, 0x00000000a5600000, 0x00000000e0000000)
  object space 88064K, 31% used [0x00000000a0000000,0x00000000a1b14480,0x00000000a5600000)
 Metaspace       used 55409K, capacity 57086K, committed 57216K, reserved 1097728K
  class space    used 7646K, capacity 8038K, committed 8064K, reserved 1048576K
}
Event: 12.028 GC heap before
{Heap before GC invocations=10 (full 2):
 PSYoungGen      total 248320K, used 55366K [0x00000000e0000000, 0x00000000f8100000, 0x0000000100000000)
  eden space 231936K, 16% used [0x00000000e0000000,0x00000000e2613a28,0x00000000ee280000)
  from space 16384K, 99% used [0x00000000ee280000,0x00000000ef27de48,0x00000000ef280000)
  to   space 24576K, 0% used [0x00000000f6900000,0x00000000f6900000,0x00000000f8100000)
 ParOldGen       total 88064K, used 27729K [0x00000000a0000000, 0x00000000a5600000, 0x00000000e0000000)
  object space 88064K, 31% used [0x00000000a0000000,0x00000000a1b14480,0x00000000a5600000)
 Metaspace       used 57104K, capacity 59066K, committed 59096K, reserved 1099776K
  class space    used 7918K, capacity 8380K, committed 8408K, reserved 1048576K
Event: 12.048 GC heap after
Heap after GC invocations=10 (full 2):
 PSYoungGen      total 368640K, used 16971K [0x00000000e0000000, 0x00000000f8f00000, 0x0000000100000000)
  eden space 344064K, 0% used [0x00000000e0000000,0x00000000e0000000,0x00000000f5000000)
  from space 24576K, 69% used [0x00000000f6900000,0x00000000f7992c20,0x00000000f8100000)
  to   space 25600K, 0% used [0x00000000f5000000,0x00000000f5000000,0x00000000f6900000)
 ParOldGen       total 88064K, used 27737K [0x00000000a0000000, 0x00000000a5600000, 0x00000000e0000000)
  object space 88064K, 31% used [0x00000000a0000000,0x00000000a1b16480,0x00000000a5600000)
 Metaspace       used 57104K, capacity 59066K, committed 59096K, reserved 1099776K
  class space    used 7918K, capacity 8380K, committed 8408K, reserved 1048576K
}
Event: 12.049 GC heap before
{Heap before GC invocations=11 (full 3):
 PSYoungGen      total 368640K, used 16971K [0x00000000e0000000, 0x00000000f8f00000, 0x0000000100000000)
  eden space 344064K, 0% used [0x00000000e0000000,0x00000000e0000000,0x00000000f5000000)
  from space 24576K, 69% used [0x00000000f6900000,0x00000000f7992c20,0x00000000f8100000)
  to   space 25600K, 0% used [0x00000000f5000000,0x00000000f5000000,0x00000000f6900000)
 ParOldGen       total 88064K, used 27737K [0x00000000a0000000, 0x00000000a5600000, 0x00000000e0000000)
  object space 88064K, 31% used [0x00000000a0000000,0x00000000a1b16480,0x00000000a5600000)
 Metaspace       used 57104K, capacity 59066K, committed 59096K, reserved 1099776K
  class space    used 7918K, capacity 8380K, committed 8408K, reserved 1048576K
Event: 12.311 GC heap after
Heap after GC invocations=11 (full 3):
 PSYoungGen      total 368640K, used 0K [0x00000000e0000000, 0x00000000f8f00000, 0x0000000100000000)
  eden space 344064K, 0% used [0x00000000e0000000,0x00000000e0000000,0x00000000f5000000)
  from space 24576K, 0% used [0x00000000f6900000,0x00000000f6900000,0x00000000f8100000)
  to   space 25600K, 0% used [0x00000000f5000000,0x00000000f5000000,0x00000000f6900000)
 ParOldGen       total 128000K, used 30692K [0x00000000a0000000, 0x00000000a7d00000, 0x00000000e0000000)
  object space 128000K, 23% used [0x00000000a0000000,0x00000000a1df9348,0x00000000a7d00000)
 Metaspace       used 56983K, capacity 58742K, committed 59096K, reserved 1099776K
  class space    used 7880K, capacity 8312K, committed 8408K, reserved 1048576K
}

