# JRE version: OpenJDK Runtime Environment (8.0_212-b04) (build 1.8.0_212-release-1586-b04)
# Java VM: OpenJDK 64-Bit Server VM (25.212-b04 mixed mode windows-amd64 compressed oops)
Heap:
 PSYoungGen      total 237568K, used 130296K [0x00000000e0000000, 0x00000000f2c00000, 0x0000000100000000)
  eden space 216064K, 52% used [0x00000000e0000000,0x00000000e6dc7530,0x00000000ed300000)
  from space 21504K, 83% used [0x00000000ed300000,0x00000000ee476c70,0x00000000ee800000)
  to   space 23552K, 0% used [0x00000000f1500000,0x00000000f1500000,0x00000000f2c00000)
 ParOldGen       total 140800K, used 33722K [0x00000000a0000000, 0x00000000a8980000, 0x00000000e0000000)
  object space 140800K, 23% used [0x00000000a0000000,0x00000000a20ee9e0,0x00000000a8980000)
 Metaspace       used 71679K, capacity 74406K, committed 74496K, reserved 1114112K
  class space    used 9657K, capacity 10226K, committed 10240K, reserved 1048576K
GC Heap History (10 events):
Event: 8.408 GC heap before
{Heap before GC invocations=10 (full 2):
 PSYoungGen      total 185856K, used 7955K [0x00000000e0000000, 0x00000000eef00000, 0x0000000100000000)
  eden space 172032K, 0% used [0x00000000e0000000,0x00000000e0000000,0x00000000ea800000)
  from space 13824K, 57% used [0x00000000eb500000,0x00000000ebcc4df0,0x00000000ec280000)
  to   space 13312K, 0% used [0x00000000ea800000,0x00000000ea800000,0x00000000eb500000)
 ParOldGen       total 66048K, used 11958K [0x00000000a0000000, 0x00000000a4080000, 0x00000000e0000000)
  object space 66048K, 18% used [0x00000000a0000000,0x00000000a0badb18,0x00000000a4080000)
 Metaspace       used 34601K, capacity 35442K, committed 35496K, reserved 1079296K
  class space    used 4748K, capacity 4972K, committed 4992K, reserved 1048576K
Event: 8.535 GC heap after
Heap after GC invocations=10 (full 2):
 PSYoungGen      total 185856K, used 0K [0x00000000e0000000, 0x00000000eef00000, 0x0000000100000000)
  eden space 172032K, 0% used [0x00000000e0000000,0x00000000e0000000,0x00000000ea800000)
  from space 13824K, 0% used [0x00000000eb500000,0x00000000eb500000,0x00000000ec280000)
  to   space 13312K, 0% used [0x00000000ea800000,0x00000000ea800000,0x00000000eb500000)
 ParOldGen       total 92672K, used 14857K [0x00000000a0000000, 0x00000000a5a80000, 0x00000000e0000000)
  object space 92672K, 16% used [0x00000000a0000000,0x00000000a0e824d0,0x00000000a5a80000)
 Metaspace       used 34570K, capacity 35340K, committed 35496K, reserved 1079296K
  class space    used 4739K, capacity 4955K, committed 4992K, reserved 1048576K
}
Event: 11.189 GC heap before
{Heap before GC invocations=11 (full 2):
 PSYoungGen      total 185856K, used 172032K [0x00000000e0000000, 0x00000000eef00000, 0x0000000100000000)
  eden space 172032K, 100% used [0x00000000e0000000,0x00000000ea800000,0x00000000ea800000)
  from space 13824K, 0% used [0x00000000eb500000,0x00000000eb500000,0x00000000ec280000)
  to   space 13312K, 0% used [0x00000000ea800000,0x00000000ea800000,0x00000000eb500000)
 ParOldGen       total 92672K, used 14857K [0x00000000a0000000, 0x00000000a5a80000, 0x00000000e0000000)
  object space 92672K, 16% used [0x00000000a0000000,0x00000000a0e824d0,0x00000000a5a80000)
 Metaspace       used 51280K, capacity 52890K, committed 52992K, reserved 1095680K
  class space    used 6990K, capacity 7404K, committed 7424K, reserved 1048576K
Event: 11.220 GC heap after
Heap after GC invocations=11 (full 2):
 PSYoungGen      total 185344K, used 13293K [0x00000000e0000000, 0x00000000efa00000, 0x0000000100000000)
  eden space 172032K, 0% used [0x00000000e0000000,0x00000000e0000000,0x00000000ea800000)
  from space 13312K, 99% used [0x00000000ea800000,0x00000000eb4fb698,0x00000000eb500000)
  to   space 18432K, 0% used [0x00000000ee800000,0x00000000ee800000,0x00000000efa00000)
 ParOldGen       total 92672K, used 23511K [0x00000000a0000000, 0x00000000a5a80000, 0x00000000e0000000)
  object space 92672K, 25% used [0x00000000a0000000,0x00000000a16f5e70,0x00000000a5a80000)
 Metaspace       used 51280K, capacity 52890K, committed 52992K, reserved 1095680K
  class space    used 6990K, capacity 7404K, committed 7424K, reserved 1048576K
}
Event: 12.486 GC heap before
{Heap before GC invocations=12 (full 2):
 PSYoungGen      total 185344K, used 102825K [0x00000000e0000000, 0x00000000efa00000, 0x0000000100000000)
  eden space 172032K, 52% used [0x00000000e0000000,0x00000000e576f130,0x00000000ea800000)
  from space 13312K, 99% used [0x00000000ea800000,0x00000000eb4fb698,0x00000000eb500000)
  to   space 18432K, 0% used [0x00000000ee800000,0x00000000ee800000,0x00000000efa00000)
 ParOldGen       total 92672K, used 23511K [0x00000000a0000000, 0x00000000a5a80000, 0x00000000e0000000)
  object space 92672K, 25% used [0x00000000a0000000,0x00000000a16f5e70,0x00000000a5a80000)
 Metaspace       used 57085K, capacity 59122K, committed 59160K, reserved 1099776K
  class space    used 7921K, capacity 8410K, committed 8448K, reserved 1048576K
Event: 12.513 GC heap after
Heap after GC invocations=12 (full 2):
 PSYoungGen      total 234496K, used 18428K [0x00000000e0000000, 0x00000000f0100000, 0x0000000100000000)
  eden space 216064K, 0% used [0x00000000e0000000,0x00000000e0000000,0x00000000ed300000)
  from space 18432K, 99% used [0x00000000ee800000,0x00000000ef9ff2e0,0x00000000efa00000)
  to   space 21504K, 0% used [0x00000000ed300000,0x00000000ed300000,0x00000000ee800000)
 ParOldGen       total 92672K, used 25220K [0x00000000a0000000, 0x00000000a5a80000, 0x00000000e0000000)
  object space 92672K, 27% used [0x00000000a0000000,0x00000000a18a1320,0x00000000a5a80000)
 Metaspace       used 57085K, capacity 59122K, committed 59160K, reserved 1099776K
  class space    used 7921K, capacity 8410K, committed 8448K, reserved 1048576K
}
Event: 12.513 GC heap before
{Heap before GC invocations=13 (full 3):
 PSYoungGen      total 234496K, used 18428K [0x00000000e0000000, 0x00000000f0100000, 0x0000000100000000)
  eden space 216064K, 0% used [0x00000000e0000000,0x00000000e0000000,0x00000000ed300000)
  from space 18432K, 99% used [0x00000000ee800000,0x00000000ef9ff2e0,0x00000000efa00000)
  to   space 21504K, 0% used [0x00000000ed300000,0x00000000ed300000,0x00000000ee800000)
 ParOldGen       total 92672K, used 25220K [0x00000000a0000000, 0x00000000a5a80000, 0x00000000e0000000)
  object space 92672K, 27% used [0x00000000a0000000,0x00000000a18a1320,0x00000000a5a80000)
 Metaspace       used 57085K, capacity 59122K, committed 59160K, reserved 1099776K
  class space    used 7921K, capacity 8410K, committed 8448K, reserved 1048576K
Event: 12.719 GC heap after
Heap after GC invocations=13 (full 3):
 PSYoungGen      total 234496K, used 0K [0x00000000e0000000, 0x00000000f0100000, 0x0000000100000000)
  eden space 216064K, 0% used [0x00000000e0000000,0x00000000e0000000,0x00000000ed300000)
  from space 18432K, 0% used [0x00000000ee800000,0x00000000ee800000,0x00000000efa00000)
  to   space 21504K, 0% used [0x00000000ed300000,0x00000000ed300000,0x00000000ee800000)
 ParOldGen       total 140800K, used 33714K [0x00000000a0000000, 0x00000000a8980000, 0x00000000e0000000)
  object space 140800K, 23% used [0x00000000a0000000,0x00000000a20ec9e0,0x00000000a8980000)
 Metaspace       used 56910K, capacity 58664K, committed 59160K, reserved 1099776K
  class space    used 7865K, capacity 8309K, committed 8448K, reserved 1048576K
}
Event: 17.380 GC heap before
{Heap before GC invocations=14 (full 3):
 PSYoungGen      total 234496K, used 216064K [0x00000000e0000000, 0x00000000f0100000, 0x0000000100000000)
  eden space 216064K, 100% used [0x00000000e0000000,0x00000000ed300000,0x00000000ed300000)
  from space 18432K, 0% used [0x00000000ee800000,0x00000000ee800000,0x00000000efa00000)
  to   space 21504K, 0% used [0x00000000ed300000,0x00000000ed300000,0x00000000ee800000)
 ParOldGen       total 140800K, used 33714K [0x00000000a0000000, 0x00000000a8980000, 0x00000000e0000000)
  object space 140800K, 23% used [0x00000000a0000000,0x00000000a20ec9e0,0x00000000a8980000)
 Metaspace       used 64185K, capacity 66548K, committed 66688K, reserved 1105920K
  class space    used 8757K, capacity 9265K, committed 9344K, reserved 1048576K
Event: 17.410 GC heap after
Heap after GC invocations=14 (full 3):
 PSYoungGen      total 237568K, used 17883K [0x00000000e0000000, 0x00000000f2c00000, 0x0000000100000000)
  eden space 216064K, 0% used [0x00000000e0000000,0x00000000e0000000,0x00000000ed300000)
  from space 21504K, 83% used [0x00000000ed300000,0x00000000ee476c70,0x00000000ee800000)
  to   space 23552K, 0% used [0x00000000f1500000,0x00000000f1500000,0x00000000f2c00000)
 ParOldGen       total 140800K, used 33722K [0x00000000a0000000, 0x00000000a8980000, 0x00000000e0000000)
  object space 140800K, 23% used [0x00000000a0000000,0x00000000a20ee9e0,0x00000000a8980000)
 Metaspace       used 64185K, capacity 66548K, committed 66688K, reserved 1105920K
  class space    used 8757K, capacity 9265K, committed 9344K, reserved 1048576K
}

